0 info it worked if it ends with ok
1 verbose cli [ '/usr/bin/nodejs', '/usr/local/bin/npm', 'run', 'start' ]
2 info using npm@4.0.5
3 info using node@v6.10.0
4 verbose run-script [ 'prestart', 'start', 'poststart' ]
5 info lifecycle authentication-in-react-apps@1.0.0~prestart: authentication-in-react-apps@1.0.0
6 silly lifecycle authentication-in-react-apps@1.0.0~prestart: no script for prestart, continuing
7 info lifecycle authentication-in-react-apps@1.0.0~start: authentication-in-react-apps@1.0.0
8 verbose lifecycle authentication-in-react-apps@1.0.0~start: unsafe-perm in lifecycle true
9 verbose lifecycle authentication-in-react-apps@1.0.0~start: PATH: /usr/local/lib/node_modules/npm/bin/node-gyp-bin:/media/data/Documents/programming/Projects/KnowYourVote/code/node_modules/.bin:/usr/local/sbin:/usr/local/bin:/usr/sbin:/usr/bin:/sbin:/bin:/usr/games:/usr/local/games
10 verbose lifecycle authentication-in-react-apps@1.0.0~start: CWD: /media/data/Documents/programming/Projects/KnowYourVote/code
11 silly lifecycle authentication-in-react-apps@1.0.0~start: Args: [ '-c', 'nodemon --use_strict index.js' ]
12 silly lifecycle authentication-in-react-apps@1.0.0~start: Returned: code: 1  signal: null
13 info lifecycle authentication-in-react-apps@1.0.0~start: Failed to exec start script
14 verbose stack Error: authentication-in-react-apps@1.0.0 start: `nodemon --use_strict index.js`
14 verbose stack Exit status 1
14 verbose stack     at EventEmitter.<anonymous> (/usr/local/lib/node_modules/npm/lib/utils/lifecycle.js:279:16)
14 verbose stack     at emitTwo (events.js:106:13)
14 verbose stack     at EventEmitter.emit (events.js:191:7)
14 verbose stack     at ChildProcess.<anonymous> (/usr/local/lib/node_modules/npm/lib/utils/spawn.js:40:14)
14 verbose stack     at emitTwo (events.js:106:13)
14 verbose stack     at ChildProcess.emit (events.js:191:7)
14 verbose stack     at maybeClose (internal/child_process.js:877:16)
14 verbose stack     at Process.ChildProcess._handle.onexit (internal/child_process.js:226:5)
15 verbose pkgid authentication-in-react-apps@1.0.0
16 verbose cwd /media/data/Documents/programming/Projects/KnowYourVote/code
17 error Linux 3.13.0-110-generic
18 error argv "/usr/bin/nodejs" "/usr/local/bin/npm" "run" "start"
19 error node v6.10.0
20 error npm  v4.0.5
21 error code ELIFECYCLE
22 error authentication-in-react-apps@1.0.0 start: `nodemon --use_strict index.js`
22 error Exit status 1
23 error Failed at the authentication-in-react-apps@1.0.0 start script 'nodemon --use_strict index.js'.
23 error Make sure you have the latest version of node.js and npm installed.
23 error If you do, this is most likely a problem with the authentication-in-react-apps package,
23 error not with npm itself.
23 error Tell the author that this fails on your system:
23 error     nodemon --use_strict index.js
23 error You can get information on how to open an issue for this project with:
23 error     npm bugs authentication-in-react-apps
23 error Or if that isn't available, you can get their info via:
23 error     npm owner ls authentication-in-react-apps
23 error There is likely additional logging output above.
24 verbose exit [ 1, true ]
